<?xml version="1.0" encoding="UTF-8"?>
<coverage generated="1731508292732" clover="3.2.0">
  <project timestamp="1731508292732" name="All files">
    <metrics statements="54" coveredstatements="54" conditionals="20" coveredconditionals="19" methods="20" coveredmethods="20" elements="94" coveredelements="93" complexity="0" loc="54" ncloc="54" packages="2" files="7" classes="7"/>
    <package name="src">
      <metrics statements="21" coveredstatements="21" conditionals="2" coveredconditionals="2" methods="7" coveredmethods="7"/>
      <file name="App.js" path="C:\Users\malav\OneDrive\CareerFoundry\Achievement4\meet\src\App.js">
        <metrics statements="14" coveredstatements="14" conditionals="2" coveredconditionals="2" methods="4" coveredmethods="4"/>
        <line num="11" count="4" type="stmt"/>
        <line num="12" count="13" type="stmt"/>
        <line num="13" count="11" type="stmt"/>
        <line num="14" count="11" type="stmt"/>
        <line num="15" count="11" type="stmt"/>
        <line num="17" count="11" type="stmt"/>
        <line num="18" count="7" type="stmt"/>
        <line num="21" count="11" type="stmt"/>
        <line num="22" count="7" type="stmt"/>
        <line num="23" count="7" type="cond" truecount="2" falsecount="0"/>
        <line num="25" count="35" type="stmt"/>
        <line num="26" count="7" type="stmt"/>
        <line num="27" count="7" type="stmt"/>
        <line num="30" count="11" type="stmt"/>
      </file>
      <file name="api.js" path="C:\Users\malav\OneDrive\CareerFoundry\Achievement4\meet\src\api.js">
        <metrics statements="6" coveredstatements="6" conditionals="0" coveredconditionals="0" methods="3" coveredmethods="3"/>
        <line num="14" count="5" type="stmt"/>
        <line num="15" count="350" type="stmt"/>
        <line num="16" count="10" type="stmt"/>
        <line num="17" count="10" type="stmt"/>
        <line num="24" count="5" type="stmt"/>
        <line num="25" count="18" type="stmt"/>
      </file>
      <file name="mock-data.js" path="C:\Users\malav\OneDrive\CareerFoundry\Achievement4\meet\src\mock-data.js">
        <metrics statements="1" coveredstatements="1" conditionals="0" coveredconditionals="0" methods="0" coveredmethods="0"/>
        <line num="3" count="5" type="stmt"/>
      </file>
    </package>
    <package name="src.components">
      <metrics statements="33" coveredstatements="33" conditionals="18" coveredconditionals="17" methods="13" coveredmethods="13"/>
      <file name="CitySearch.js" path="C:\Users\malav\OneDrive\CareerFoundry\Achievement4\meet\src\components\CitySearch.js">
        <metrics statements="20" coveredstatements="20" conditionals="4" coveredconditionals="3" methods="7" coveredmethods="7"/>
        <line num="5" count="4" type="stmt"/>
        <line num="6" count="76" type="stmt"/>
        <line num="7" count="76" type="stmt"/>
        <line num="8" count="76" type="stmt"/>
        <line num="10" count="76" type="stmt"/>
        <line num="11" count="16" type="stmt"/>
        <line num="15" count="76" type="stmt"/>
        <line num="16" count="36" type="stmt"/>
        <line num="17" count="36" type="cond" truecount="1" falsecount="1"/>
        <line num="18" count="72" type="stmt"/>
        <line num="20" count="36" type="stmt"/>
        <line num="21" count="36" type="stmt"/>
        <line num="24" count="76" type="stmt"/>
        <line num="25" count="2" type="stmt"/>
        <line num="26" count="2" type="stmt"/>
        <line num="27" count="2" type="stmt"/>
        <line num="28" count="2" type="stmt"/>
        <line num="31" count="76" type="stmt"/>
        <line num="38" count="5" type="stmt"/>
        <line num="44" count="35" type="stmt"/>
      </file>
      <file name="Event.js" path="C:\Users\malav\OneDrive\CareerFoundry\Achievement4\meet\src\components\Event.js">
        <metrics statements="4" coveredstatements="4" conditionals="12" coveredconditionals="12" methods="2" coveredmethods="2"/>
        <line num="5" count="5" type="stmt"/>
        <line num="6" count="189" type="stmt"/>
        <line num="7" count="189" type="stmt"/>
        <line num="13" count="3" type="stmt"/>
      </file>
      <file name="EventList.js" path="C:\Users\malav\OneDrive\CareerFoundry\Achievement4\meet\src\components\EventList.js">
        <metrics statements="3" coveredstatements="3" conditionals="2" coveredconditionals="2" methods="2" coveredmethods="2"/>
        <line num="5" count="4" type="stmt"/>
        <line num="6" count="13" type="stmt"/>
        <line num="9" count="180" type="stmt"/>
      </file>
      <file name="NumberOfEvents.js" path="C:\Users\malav\OneDrive\CareerFoundry\Achievement4\meet\src\components\NumberOfEvents.js">
        <metrics statements="6" coveredstatements="6" conditionals="0" coveredconditionals="0" methods="2" coveredmethods="2"/>
        <line num="5" count="4" type="stmt"/>
        <line num="7" count="17" type="stmt"/>
        <line num="9" count="17" type="stmt"/>
        <line num="10" count="3" type="stmt"/>
        <line num="11" count="3" type="stmt"/>
        <line num="15" count="17" type="stmt"/>
      </file>
    </package>
  </project>
</coverage>
