{"C:\\Users\\malav\\OneDrive\\CareerFoundry\\Achievement4\\meet\\src\\App.js": {"path":"C:\\Users\\malav\\OneDrive\\CareerFoundry\\Achievement4\\meet\\src\\App.js","statementMap":{"0":{"start":{"line":11,"column":12},"end":{"line":37,"column":1}},"1":{"start":{"line":12,"column":42},"end":{"line":12,"column":54}},"2":{"start":{"line":13,"column":40},"end":{"line":13,"column":66}},"3":{"start":{"line":14,"column":30},"end":{"line":14,"column":42}},"4":{"start":{"line":15,"column":38},"end":{"line":15,"column":50}},"5":{"start":{"line":17,"column":2},"end":{"line":19,"column":37}},"6":{"start":{"line":18,"column":4},"end":{"line":18,"column":16}},"7":{"start":{"line":21,"column":20},"end":{"line":28,"column":3}},"8":{"start":{"line":22,"column":22},"end":{"line":22,"column":39}},"9":{"start":{"line":23,"column":27},"end":{"line":25,"column":63}},"10":{"start":{"line":25,"column":32},"end":{"line":25,"column":62}},"11":{"start":{"line":26,"column":4},"end":{"line":26,"column":51}},"12":{"start":{"line":27,"column":4},"end":{"line":27,"column":49}},"13":{"start":{"line":30,"column":2},"end":{"line":36,"column":4}}},"fnMap":{"0":{"name":"(anonymous_0)","decl":{"start":{"line":11,"column":12},"end":{"line":11,"column":13}},"loc":{"start":{"line":11,"column":18},"end":{"line":37,"column":1}},"line":11},"1":{"name":"(anonymous_1)","decl":{"start":{"line":17,"column":12},"end":{"line":17,"column":13}},"loc":{"start":{"line":17,"column":18},"end":{"line":19,"column":3}},"line":17},"2":{"name":"(anonymous_2)","decl":{"start":{"line":21,"column":20},"end":{"line":21,"column":21}},"loc":{"start":{"line":21,"column":32},"end":{"line":28,"column":3}},"line":21},"3":{"name":"(anonymous_3)","decl":{"start":{"line":25,"column":23},"end":{"line":25,"column":24}},"loc":{"start":{"line":25,"column":32},"end":{"line":25,"column":62}},"line":25}},"branchMap":{"0":{"loc":{"start":{"line":23,"column":27},"end":{"line":25,"column":63}},"type":"cond-expr","locations":[{"start":{"line":24,"column":6},"end":{"line":24,"column":15}},{"start":{"line":25,"column":6},"end":{"line":25,"column":63}}],"line":23}},"s":{"0":4,"1":13,"2":11,"3":11,"4":11,"5":11,"6":7,"7":11,"8":7,"9":7,"10":35,"11":7,"12":7,"13":11},"f":{"0":13,"1":7,"2":7,"3":35},"b":{"0":[6,1]},"_coverageSchema":"1a1c01bbd47fc00a2c39e90264f33305004495a9","hash":"edefb9704f0931769ae67efe2394ceef897999ce"}
,"C:\\Users\\malav\\OneDrive\\CareerFoundry\\Achievement4\\meet\\src\\api.js": {"path":"C:\\Users\\malav\\OneDrive\\CareerFoundry\\Achievement4\\meet\\src\\api.js","statementMap":{"0":{"start":{"line":14,"column":32},"end":{"line":18,"column":3}},"1":{"start":{"line":15,"column":31},"end":{"line":15,"column":68}},"2":{"start":{"line":15,"column":53},"end":{"line":15,"column":67}},"3":{"start":{"line":16,"column":22},"end":{"line":16,"column":54}},"4":{"start":{"line":17,"column":4},"end":{"line":17,"column":21}},"5":{"start":{"line":24,"column":25},"end":{"line":26,"column":1}},"6":{"start":{"line":25,"column":2},"end":{"line":25,"column":18}}},"fnMap":{"0":{"name":"(anonymous_0)","decl":{"start":{"line":14,"column":32},"end":{"line":14,"column":33}},"loc":{"start":{"line":14,"column":44},"end":{"line":18,"column":3}},"line":14},"1":{"name":"(anonymous_1)","decl":{"start":{"line":15,"column":42},"end":{"line":15,"column":43}},"loc":{"start":{"line":15,"column":53},"end":{"line":15,"column":67}},"line":15},"2":{"name":"(anonymous_2)","decl":{"start":{"line":24,"column":25},"end":{"line":24,"column":26}},"loc":{"start":{"line":24,"column":37},"end":{"line":26,"column":1}},"line":24}},"branchMap":{},"s":{"0":5,"1":10,"2":350,"3":10,"4":10,"5":5,"6":18},"f":{"0":10,"1":350,"2":18},"b":{},"_coverageSchema":"1a1c01bbd47fc00a2c39e90264f33305004495a9","hash":"f998788abee32729891dd06a4648891b39b86cfe"}
,"C:\\Users\\malav\\OneDrive\\CareerFoundry\\Achievement4\\meet\\src\\mock-data.js": {"path":"C:\\Users\\malav\\OneDrive\\CareerFoundry\\Achievement4\\meet\\src\\mock-data.js","statementMap":{"0":{"start":{"line":3,"column":17},"end":{"line":1370,"column":3}}},"fnMap":{},"branchMap":{},"s":{"0":5},"f":{},"b":{},"_coverageSchema":"1a1c01bbd47fc00a2c39e90264f33305004495a9","hash":"d697118eff1c5214d9e54a2ec030656ae5ae5a23"}
,"C:\\Users\\malav\\OneDrive\\CareerFoundry\\Achievement4\\meet\\src\\components\\CitySearch.js": {"path":"C:\\Users\\malav\\OneDrive\\CareerFoundry\\Achievement4\\meet\\src\\components\\CitySearch.js","statementMap":{"0":{"start":{"line":5,"column":19},"end":{"line":54,"column":1}},"1":{"start":{"line":6,"column":48},"end":{"line":6,"column":63}},"2":{"start":{"line":7,"column":28},"end":{"line":7,"column":40}},"3":{"start":{"line":8,"column":40},"end":{"line":8,"column":52}},"4":{"start":{"line":10,"column":2},"end":{"line":12,"column":26}},"5":{"start":{"line":11,"column":4},"end":{"line":11,"column":33}},"6":{"start":{"line":15,"column":29},"end":{"line":22,"column":3}},"7":{"start":{"line":16,"column":18},"end":{"line":16,"column":36}},"8":{"start":{"line":17,"column":30},"end":{"line":19,"column":11}},"9":{"start":{"line":18,"column":6},"end":{"line":18,"column":70}},"10":{"start":{"line":20,"column":4},"end":{"line":20,"column":20}},"11":{"start":{"line":21,"column":4},"end":{"line":21,"column":38}},"12":{"start":{"line":24,"column":28},"end":{"line":29,"column":3}},"13":{"start":{"line":25,"column":18},"end":{"line":25,"column":42}},"14":{"start":{"line":26,"column":4},"end":{"line":26,"column":20}},"15":{"start":{"line":27,"column":4},"end":{"line":27,"column":30}},"16":{"start":{"line":28,"column":4},"end":{"line":28,"column":26}},"17":{"start":{"line":31,"column":2},"end":{"line":53,"column":3}},"18":{"start":{"line":38,"column":23},"end":{"line":38,"column":47}},"19":{"start":{"line":44,"column":12},"end":{"line":44,"column":85}}},"fnMap":{"0":{"name":"(anonymous_0)","decl":{"start":{"line":5,"column":19},"end":{"line":5,"column":20}},"loc":{"start":{"line":5,"column":57},"end":{"line":54,"column":1}},"line":5},"1":{"name":"(anonymous_1)","decl":{"start":{"line":10,"column":12},"end":{"line":10,"column":13}},"loc":{"start":{"line":10,"column":18},"end":{"line":12,"column":3}},"line":10},"2":{"name":"(anonymous_2)","decl":{"start":{"line":15,"column":29},"end":{"line":15,"column":30}},"loc":{"start":{"line":15,"column":40},"end":{"line":22,"column":3}},"line":15},"3":{"name":"(anonymous_3)","decl":{"start":{"line":17,"column":65},"end":{"line":17,"column":66}},"loc":{"start":{"line":17,"column":79},"end":{"line":19,"column":5}},"line":17},"4":{"name":"(anonymous_4)","decl":{"start":{"line":24,"column":28},"end":{"line":24,"column":29}},"loc":{"start":{"line":24,"column":39},"end":{"line":29,"column":3}},"line":24},"5":{"name":"(anonymous_5)","decl":{"start":{"line":38,"column":17},"end":{"line":38,"column":18}},"loc":{"start":{"line":38,"column":23},"end":{"line":38,"column":47}},"line":38},"6":{"name":"(anonymous_6)","decl":{"start":{"line":43,"column":27},"end":{"line":43,"column":28}},"loc":{"start":{"line":43,"column":43},"end":{"line":45,"column":11}},"line":43}},"branchMap":{"0":{"loc":{"start":{"line":17,"column":30},"end":{"line":19,"column":11}},"type":"cond-expr","locations":[{"start":{"line":17,"column":45},"end":{"line":19,"column":6}},{"start":{"line":19,"column":9},"end":{"line":19,"column":11}}],"line":17},"1":{"loc":{"start":{"line":41,"column":7},"end":{"line":50,"column":14}},"type":"cond-expr","locations":[{"start":{"line":42,"column":8},"end":{"line":49,"column":13}},{"start":{"line":50,"column":10},"end":{"line":50,"column":14}}],"line":41}},"s":{"0":4,"1":76,"2":76,"3":76,"4":76,"5":16,"6":76,"7":36,"8":36,"9":72,"10":36,"11":36,"12":76,"13":2,"14":2,"15":2,"16":2,"17":76,"18":5,"19":35},"f":{"0":76,"1":16,"2":36,"3":72,"4":2,"5":5,"6":35},"b":{"0":[36,0],"1":[43,33]},"_coverageSchema":"1a1c01bbd47fc00a2c39e90264f33305004495a9","hash":"543c44806effc5ea26067498b4d137cbd6fcfb07"}
,"C:\\Users\\malav\\OneDrive\\CareerFoundry\\Achievement4\\meet\\src\\components\\Event.js": {"path":"C:\\Users\\malav\\OneDrive\\CareerFoundry\\Achievement4\\meet\\src\\components\\Event.js","statementMap":{"0":{"start":{"line":5,"column":14},"end":{"line":21,"column":1}},"1":{"start":{"line":6,"column":40},"end":{"line":6,"column":55}},"2":{"start":{"line":7,"column":2},"end":{"line":20,"column":4}},"3":{"start":{"line":13,"column":53},"end":{"line":13,"column":81}}},"fnMap":{"0":{"name":"(anonymous_0)","decl":{"start":{"line":5,"column":14},"end":{"line":5,"column":15}},"loc":{"start":{"line":5,"column":29},"end":{"line":21,"column":1}},"line":5},"1":{"name":"(anonymous_1)","decl":{"start":{"line":13,"column":47},"end":{"line":13,"column":48}},"loc":{"start":{"line":13,"column":53},"end":{"line":13,"column":81}},"line":13}},"branchMap":{"0":{"loc":{"start":{"line":9,"column":11},"end":{"line":9,"column":33}},"type":"binary-expr","locations":[{"start":{"line":9,"column":11},"end":{"line":9,"column":16}},{"start":{"line":9,"column":20},"end":{"line":9,"column":33}}],"line":9},"1":{"loc":{"start":{"line":10,"column":10},"end":{"line":10,"column":39}},"type":"binary-expr","locations":[{"start":{"line":10,"column":10},"end":{"line":10,"column":15}},{"start":{"line":10,"column":19},"end":{"line":10,"column":39}}],"line":10},"2":{"loc":{"start":{"line":11,"column":10},"end":{"line":11,"column":33}},"type":"binary-expr","locations":[{"start":{"line":11,"column":10},"end":{"line":11,"column":15}},{"start":{"line":11,"column":19},"end":{"line":11,"column":33}}],"line":11},"3":{"loc":{"start":{"line":14,"column":10},"end":{"line":14,"column":55}},"type":"cond-expr","locations":[{"start":{"line":14,"column":24},"end":{"line":14,"column":38}},{"start":{"line":14,"column":41},"end":{"line":14,"column":55}}],"line":14},"4":{"loc":{"start":{"line":17,"column":8},"end":{"line":17,"column":106}},"type":"cond-expr","locations":[{"start":{"line":17,"column":22},"end":{"line":17,"column":99}},{"start":{"line":17,"column":102},"end":{"line":17,"column":106}}],"line":17},"5":{"loc":{"start":{"line":17,"column":68},"end":{"line":17,"column":94}},"type":"binary-expr","locations":[{"start":{"line":17,"column":68},"end":{"line":17,"column":73}},{"start":{"line":17,"column":77},"end":{"line":17,"column":94}}],"line":17}},"s":{"0":5,"1":189,"2":189,"3":3},"f":{"0":189,"1":3},"b":{"0":[189,189],"1":[189,189],"2":[189,189],"3":[2,187],"4":[2,187],"5":[2,2]},"_coverageSchema":"1a1c01bbd47fc00a2c39e90264f33305004495a9","hash":"93b2032f81eb828377800413d626bdd2d3d934d1"}
,"C:\\Users\\malav\\OneDrive\\CareerFoundry\\Achievement4\\meet\\src\\components\\EventList.js": {"path":"C:\\Users\\malav\\OneDrive\\CareerFoundry\\Achievement4\\meet\\src\\components\\EventList.js","statementMap":{"0":{"start":{"line":5,"column":18},"end":{"line":13,"column":1}},"1":{"start":{"line":6,"column":2},"end":{"line":12,"column":4}},"2":{"start":{"line":9,"column":28},"end":{"line":9,"column":66}}},"fnMap":{"0":{"name":"(anonymous_0)","decl":{"start":{"line":5,"column":18},"end":{"line":5,"column":19}},"loc":{"start":{"line":5,"column":34},"end":{"line":13,"column":1}},"line":5},"1":{"name":"(anonymous_1)","decl":{"start":{"line":9,"column":19},"end":{"line":9,"column":20}},"loc":{"start":{"line":9,"column":28},"end":{"line":9,"column":66}},"line":9}},"branchMap":{"0":{"loc":{"start":{"line":8,"column":7},"end":{"line":10,"column":12}},"type":"cond-expr","locations":[{"start":{"line":9,"column":8},"end":{"line":9,"column":67}},{"start":{"line":10,"column":8},"end":{"line":10,"column":12}}],"line":8}},"s":{"0":4,"1":13,"2":180},"f":{"0":13,"1":180},"b":{"0":[12,1]},"_coverageSchema":"1a1c01bbd47fc00a2c39e90264f33305004495a9","hash":"3babe3daab480e68bab4449e5227ac08c2eaf634"}
,"C:\\Users\\malav\\OneDrive\\CareerFoundry\\Achievement4\\meet\\src\\components\\NumberOfEvents.js": {"path":"C:\\Users\\malav\\OneDrive\\CareerFoundry\\Achievement4\\meet\\src\\components\\NumberOfEvents.js","statementMap":{"0":{"start":{"line":5,"column":23},"end":{"line":27,"column":1}},"1":{"start":{"line":7,"column":30},"end":{"line":7,"column":42}},"2":{"start":{"line":9,"column":29},"end":{"line":13,"column":3}},"3":{"start":{"line":10,"column":18},"end":{"line":10,"column":36}},"4":{"start":{"line":11,"column":4},"end":{"line":11,"column":21}},"5":{"start":{"line":15,"column":2},"end":{"line":26,"column":4}}},"fnMap":{"0":{"name":"(anonymous_0)","decl":{"start":{"line":5,"column":23},"end":{"line":5,"column":24}},"loc":{"start":{"line":5,"column":64},"end":{"line":27,"column":1}},"line":5},"1":{"name":"(anonymous_1)","decl":{"start":{"line":9,"column":29},"end":{"line":9,"column":30}},"loc":{"start":{"line":9,"column":40},"end":{"line":13,"column":3}},"line":9}},"branchMap":{},"s":{"0":4,"1":17,"2":17,"3":3,"4":3,"5":17},"f":{"0":17,"1":3},"b":{},"_coverageSchema":"1a1c01bbd47fc00a2c39e90264f33305004495a9","hash":"f4dd3d3b0a7e6f7ca5fc3928020d5c9b5b14fa25"}
}
