TN:
SF:src\App.js
FN:11,(anonymous_0)
FN:17,(anonymous_1)
FN:21,(anonymous_2)
FN:25,(anonymous_3)
FNF:4
FNH:4
FNDA:13,(anonymous_0)
FNDA:7,(anonymous_1)
FNDA:7,(anonymous_2)
FNDA:35,(anonymous_3)
DA:11,4
DA:12,13
DA:13,11
DA:14,11
DA:15,11
DA:17,11
DA:18,7
DA:21,11
DA:22,7
DA:23,7
DA:25,35
DA:26,7
DA:27,7
DA:30,11
LF:14
LH:14
BRDA:23,0,0,6
BRDA:23,0,1,1
BRF:2
BRH:2
end_of_record
TN:
SF:src\api.js
FN:14,(anonymous_0)
FN:15,(anonymous_1)
FN:24,(anonymous_2)
FNF:3
FNH:3
FNDA:10,(anonymous_0)
FNDA:350,(anonymous_1)
FNDA:18,(anonymous_2)
DA:14,5
DA:15,350
DA:16,10
DA:17,10
DA:24,5
DA:25,18
LF:6
LH:6
BRF:0
BRH:0
end_of_record
TN:
SF:src\mock-data.js
FNF:0
FNH:0
DA:3,5
LF:1
LH:1
BRF:0
BRH:0
end_of_record
TN:
SF:src\components\CitySearch.js
FN:5,(anonymous_0)
FN:10,(anonymous_1)
FN:15,(anonymous_2)
FN:17,(anonymous_3)
FN:24,(anonymous_4)
FN:38,(anonymous_5)
FN:43,(anonymous_6)
FNF:7
FNH:7
FNDA:76,(anonymous_0)
FNDA:16,(anonymous_1)
FNDA:36,(anonymous_2)
FNDA:72,(anonymous_3)
FNDA:2,(anonymous_4)
FNDA:5,(anonymous_5)
FNDA:35,(anonymous_6)
DA:5,4
DA:6,76
DA:7,76
DA:8,76
DA:10,76
DA:11,16
DA:15,76
DA:16,36
DA:17,36
DA:18,72
DA:20,36
DA:21,36
DA:24,76
DA:25,2
DA:26,2
DA:27,2
DA:28,2
DA:31,76
DA:38,5
DA:44,35
LF:20
LH:20
BRDA:17,0,0,36
BRDA:17,0,1,0
BRDA:41,1,0,43
BRDA:41,1,1,33
BRF:4
BRH:3
end_of_record
TN:
SF:src\components\Event.js
FN:5,(anonymous_0)
FN:13,(anonymous_1)
FNF:2
FNH:2
FNDA:189,(anonymous_0)
FNDA:3,(anonymous_1)
DA:5,5
DA:6,189
DA:7,189
DA:13,3
LF:4
LH:4
BRDA:9,0,0,189
BRDA:9,0,1,189
BRDA:10,1,0,189
BRDA:10,1,1,189
BRDA:11,2,0,189
BRDA:11,2,1,189
BRDA:14,3,0,2
BRDA:14,3,1,187
BRDA:17,4,0,2
BRDA:17,4,1,187
BRDA:17,5,0,2
BRDA:17,5,1,2
BRF:12
BRH:12
end_of_record
TN:
SF:src\components\EventList.js
FN:5,(anonymous_0)
FN:9,(anonymous_1)
FNF:2
FNH:2
FNDA:13,(anonymous_0)
FNDA:180,(anonymous_1)
DA:5,4
DA:6,13
DA:9,180
LF:3
LH:3
BRDA:8,0,0,12
BRDA:8,0,1,1
BRF:2
BRH:2
end_of_record
TN:
SF:src\components\NumberOfEvents.js
FN:5,(anonymous_0)
FN:9,(anonymous_1)
FNF:2
FNH:2
FNDA:17,(anonymous_0)
FNDA:3,(anonymous_1)
DA:5,4
DA:7,17
DA:9,17
DA:10,3
DA:11,3
DA:15,17
LF:6
LH:6
BRF:0
BRH:0
end_of_record
